<?xml version="1.0"?>
<testsuite name="PhantomJS 2.1.1 (Mac OS X 0.0.0)" package="" timestamp="2016-05-14T16:06:53" id="0" hostname="kens-MacBook-Pro.local" tests="17" errors="0" failures="1" time="0.059">
  <properties>
    <property name="browser.fullName" value="Mozilla/5.0 (Macintosh; Intel Mac OS X) AppleWebKit/538.1 (KHTML, like Gecko) PhantomJS/2.1.1 Safari/538.1"/>
  </properties>
  <testcase name="app should work" time="0.003" classname="PhantomJS_2_1_1_(Mac_OS_X_0_0_0).app"/>
  <testcase name="displayController formatCell should show x and y coordinates" time="0.019" classname="PhantomJS_2_1_1_(Mac_OS_X_0_0_0).displayController">
    <failure type="">ReferenceError: Can't find variable: row in /Users/kenmiller/Documents/angularTest/marsProblem/marsRovers/test/displayController.js (line 21)
/Users/kenmiller/Documents/angularTest/marsProblem/marsRovers/test/displayController.js:21:27
</failure>
  </testcase>
  <testcase name="testsController $scope.moveRFromN should return 90" time="0.004" classname="PhantomJS_2_1_1_(Mac_OS_X_0_0_0).testsController"/>
  <testcase name="testsController variable E should be 90" time="0.001" classname="PhantomJS_2_1_1_(Mac_OS_X_0_0_0).testsController"/>
  <testcase name="testsController $scope.moveLFromN should return west" time="0.002" classname="PhantomJS_2_1_1_(Mac_OS_X_0_0_0).testsController"/>
  <testcase name="testsController $scope.moveLFromW should return south" time="0.003" classname="PhantomJS_2_1_1_(Mac_OS_X_0_0_0).testsController"/>
  <testcase name="testsController $scope.moveLLFromN should return south" time="0.001" classname="PhantomJS_2_1_1_(Mac_OS_X_0_0_0).testsController"/>
  <testcase name="testsController $scope.moveRRFromN should return south" time="0.002" classname="PhantomJS_2_1_1_(Mac_OS_X_0_0_0).testsController"/>
  <testcase name="testsController $scope.moveLLFromW should return east" time="0.003" classname="PhantomJS_2_1_1_(Mac_OS_X_0_0_0).testsController"/>
  <testcase name="testsController $scope.moveRRFromW should return east" time="0.005" classname="PhantomJS_2_1_1_(Mac_OS_X_0_0_0).testsController"/>
  <testcase name="testsController $scope.moveLLFromS should return north" time="0.004" classname="PhantomJS_2_1_1_(Mac_OS_X_0_0_0).testsController"/>
  <testcase name="testsController $scope.moveRRFromS should return north" time="0.003" classname="PhantomJS_2_1_1_(Mac_OS_X_0_0_0).testsController"/>
  <testcase name="testsController $scope.moveLFromS should return east" time="0.003" classname="PhantomJS_2_1_1_(Mac_OS_X_0_0_0).testsController"/>
  <testcase name="testsController $scope.rovers[1].heading should be east" time="0.001" classname="PhantomJS_2_1_1_(Mac_OS_X_0_0_0).testsController"/>
  <testcase name="testsController Instructions rover 2 instruction 3 should be R" time="0.001" classname="PhantomJS_2_1_1_(Mac_OS_X_0_0_0).testsController"/>
  <testcase name="testsController Execution FIRST STEP rover 2 instruction result set should be 4 3 E" time="0.002" classname="PhantomJS_2_1_1_(Mac_OS_X_0_0_0).testsController"/>
  <testcase name="testsController Execute remaining steps rover 2 instruction result set should be 5 1 E" time="0.002" classname="PhantomJS_2_1_1_(Mac_OS_X_0_0_0).testsController"/>
  <system-out>
    <![CDATA[PhantomJS 2.1.1 (Mac OS X 0.0.0) LOG: 'sme'

]]>
  </system-out>
  <system-err/>
</testsuite>